#
# There is insufficient memory for the Java Runtime Environment to continue.
# Native memory allocation (mmap) failed to map 218103808 bytes for committing reserved memory.
# Possible reasons:
#   The system is out of physical RAM or swap space
#   In 32 bit mode, the process size limit was hit
# Possible solutions:
#   Reduce memory load on the system
#   Increase physical memory or swap space
#   Check if swap backing store is full
#   Use 64 bit Java on a 64 bit OS
#   Decrease Java heap size (-Xmx/-Xms)
#   Decrease number of Java threads
#   Decrease Java thread stack sizes (-Xss)
#   Set larger code cache with -XX:ReservedCodeCacheSize=
# This output file may be truncated or incomplete.
#
#  Out of Memory Error (os_linux.cpp:2627), pid=28712, tid=0x00007fd6ade38700
#
# JRE version: OpenJDK Runtime Environment (8.0_76-b03) (build 1.8.0_76-release-b03)
# Java VM: OpenJDK 64-Bit Server VM (25.76-b03 mixed mode linux-amd64 compressed oops)
# Failed to write core dump. Core dumps have been disabled. To enable core dumping, try "ulimit -c unlimited" before starting Java again
#

---------------  T H R E A D  ---------------

Current thread (0x00007fd6c0077800):  VMThread [stack: 0x00007fd6add38000,0x00007fd6ade39000] [id=28725]

Stack: [0x00007fd6add38000,0x00007fd6ade39000],  sp=0x00007fd6ade374c0,  free space=1021k
Native frames: (J=compiled Java code, j=interpreted, Vv=VM code, C=native code)
V  [libjvm.so+0x9d9fcd]  VMError::report_and_die()+0x15d
V  [libjvm.so+0x4b4d4a]  report_vm_out_of_memory(char const*, int, unsigned long, VMErrorType, char const*)+0x8a
V  [libjvm.so+0x845190]  os::pd_commit_memory(char*, unsigned long, unsigned long, bool)+0xf0
V  [libjvm.so+0x83fcbf]  os::commit_memory(char*, unsigned long, unsigned long, bool)+0x1f
V  [libjvm.so+0x8b4d9b]  PSVirtualSpace::expand_by(unsigned long)+0x5b
V  [libjvm.so+0x8b5a10]  PSYoungGen::resize_generation(unsigned long, unsigned long)+0xb0
V  [libjvm.so+0x8b5d2b]  PSYoungGen::resize(unsigned long, unsigned long)+0x1b
V  [libjvm.so+0x8b241c]  PSScavenge::invoke_no_policy()+0xdac
V  [libjvm.so+0x8b2bf8]  PSScavenge::invoke()+0x38
V  [libjvm.so+0x8681f3]  ParallelScavengeHeap::failed_mem_allocate(unsigned long)+0x63
V  [libjvm.so+0x9dba94]  VM_ParallelGCFailedAllocation::doit()+0x84
V  [libjvm.so+0x9dfe47]  VM_Operation::evaluate()+0x47
V  [libjvm.so+0x9de908]  VMThread::evaluate_operation(VM_Operation*)+0x2c8
V  [libjvm.so+0x9ded89]  VMThread::loop()+0x219
V  [libjvm.so+0x9df1d2]  VMThread::run()+0x72
V  [libjvm.so+0x8425b2]  java_start(Thread*)+0xf2

VM_Operation (0x00007fd6c6b26260): ParallelGCFailedAllocation, mode: safepoint, requested by thread 0x00007fd6c000a000


---------------  P R O C E S S  ---------------

Java Threads: ( => current thread )
  0x00007fd6c00c0800 JavaThread "Service Thread" daemon [_thread_blocked, id=28732, stack(0x00007fd6ac1e1000,0x00007fd6ac2e2000)]
  0x00007fd6c00bd800 JavaThread "C1 CompilerThread2" daemon [_thread_blocked, id=28731, stack(0x00007fd6ac2e2000,0x00007fd6ac3e3000)]
  0x00007fd6c00bb800 JavaThread "C2 CompilerThread1" daemon [_thread_blocked, id=28730, stack(0x00007fd6ac3e3000,0x00007fd6ac4e4000)]
  0x00007fd6c00b8800 JavaThread "C2 CompilerThread0" daemon [_thread_blocked, id=28729, stack(0x00007fd6ac4e4000,0x00007fd6ac5e5000)]
  0x00007fd6c00b7000 JavaThread "Signal Dispatcher" daemon [_thread_blocked, id=28728, stack(0x00007fd6ac5e5000,0x00007fd6ac6e6000)]
  0x00007fd6c0083800 JavaThread "Finalizer" daemon [_thread_blocked, id=28727, stack(0x00007fd6adb36000,0x00007fd6adc37000)]
  0x00007fd6c007f000 JavaThread "Reference Handler" daemon [_thread_blocked, id=28726, stack(0x00007fd6adc37000,0x00007fd6add38000)]
  0x00007fd6c000a000 JavaThread "main" [_thread_blocked, id=28720, stack(0x00007fd6c6a27000,0x00007fd6c6b28000)]

Other Threads:
=>0x00007fd6c0077800 VMThread [stack: 0x00007fd6add38000,0x00007fd6ade39000] [id=28725]
  0x00007fd6c00c3000 WatcherThread [stack: 0x00007fd6ac0e0000,0x00007fd6ac1e1000] [id=28733]

VM state:at safepoint (normal execution)

VM Mutex/Monitor currently owned by a thread:  ([mutex/lock_event])
[0x00007fd6c00064e0] Threads_lock - owner thread: 0x00007fd6c0077800
[0x00007fd6c00069e0] Heap_lock - owner thread: 0x00007fd6c000a000

Heap:
 PSYoungGen      total 157696K, used 6112K [0x000000078ee00000, 0x0000000798e00000, 0x00000007c0000000)
  eden space 151552K, 0% used [0x000000078ee00000,0x000000078ee00000,0x0000000798200000)
  from space 6144K, 99% used [0x0000000798200000,0x00000007987f8020,0x0000000798800000)
  to   space 6144K, 0% used [0x0000000798800000,0x0000000798800000,0x0000000798e00000)
 ParOldGen       total 101376K, used 52751K [0x000000072ca00000, 0x0000000732d00000, 0x000000078ee00000)
  object space 101376K, 52% used [0x000000072ca00000,0x000000072fd83f80,0x0000000732d00000)
 Metaspace       used 3649K, capacity 5144K, committed 5376K, reserved 1056768K
  class space    used 376K, capacity 456K, committed 512K, reserved 1048576K

Card table byte_map: [0x00007fd6b0376000,0x00007fd6b0812000] byte_map_base: 0x00007fd6aca11000

Marking Bits: (ParMarkBitMap*) 0x00007fd6c5ef81a0
 Begin Bits: [0x00007fd697650000, 0x00007fd699b28000)
 End Bits:   [0x00007fd699b28000, 0x00007fd69c000000)

Polling page: 0x00007fd6c6b48000

CodeCache: size=245760Kb used=3756Kb max_used=3767Kb free=242003Kb
 bounds [0x00007fd6b0bd2000, 0x00007fd6b0f92000, 0x00007fd6bfbd2000]
 total_blobs=881 nmethods=635 adapters=161
 compilation: enabled

Compilation events (10 events):
Event: 2,136 Thread 0x00007fd6c00b8800  641       4       com.android.dx.cf.direct.AnnotationParser::<init> (69 bytes)
Event: 2,144 Thread 0x00007fd6c00b8800 nmethod 641 0x00007fd6b0f7b310 code [0x00007fd6b0f7b4c0, 0x00007fd6b0f7bc28]
Event: 2,192 Thread 0x00007fd6c00bb800  642       4       com.android.dx.cf.attrib.AttInnerClasses::byteLength (14 bytes)
Event: 2,193 Thread 0x00007fd6c00bb800 nmethod 642 0x00007fd6b0f63ed0 code [0x00007fd6b0f64020, 0x00007fd6b0f640b8]
Event: 2,263 Thread 0x00007fd6c00bd800  643       1       com.android.dx.cf.attrib.BaseParameterAnnotations::byteLength (8 bytes)
Event: 2,263 Thread 0x00007fd6c00bd800 nmethod 643 0x00007fd6b0f44cd0 code [0x00007fd6b0f44e20, 0x00007fd6b0f44f30]
Event: 2,290 Thread 0x00007fd6c00b8800  644       4       com.android.dx.cf.code.LocalVariableList$Item::<init> (115 bytes)
Event: 2,292 Thread 0x00007fd6c00b8800 nmethod 644 0x00007fd6b0f447d0 code [0x00007fd6b0f44920, 0x00007fd6b0f44ab8]
Event: 2,325 Thread 0x00007fd6c00bd800  645       3       java.lang.Byte::toUnsignedInt (6 bytes)
Event: 2,325 Thread 0x00007fd6c00bd800 nmethod 645 0x00007fd6b0f7a550 code [0x00007fd6b0f7a6a0, 0x00007fd6b0f7a7d0]

GC Heap History (9 events):
Event: 0,761 GC heap before
{Heap before GC invocations=1 (full 0):
 PSYoungGen      total 44032K, used 37888K [0x000000078ee00000, 0x0000000791f00000, 0x00000007c0000000)
  eden space 37888K, 100% used [0x000000078ee00000,0x0000000791300000,0x0000000791300000)
  from space 6144K, 0% used [0x0000000791900000,0x0000000791900000,0x0000000791f00000)
  to   space 6144K, 0% used [0x0000000791300000,0x0000000791300000,0x0000000791900000)
 ParOldGen       total 101376K, used 0K [0x000000072ca00000, 0x0000000732d00000, 0x000000078ee00000)
  object space 101376K, 0% used [0x000000072ca00000,0x000000072ca00000,0x0000000732d00000)
 Metaspace       used 3602K, capacity 5144K, committed 5376K, reserved 1056768K
  class space    used 372K, capacity 456K, committed 512K, reserved 1048576K
Event: 0,769 GC heap after
Heap after GC invocations=1 (full 0):
 PSYoungGen      total 44032K, used 4627K [0x000000078ee00000, 0x0000000794400000, 0x00000007c0000000)
  eden space 37888K, 0% used [0x000000078ee00000,0x000000078ee00000,0x0000000791300000)
  from space 6144K, 75% used [0x0000000791300000,0x0000000791784d20,0x0000000791900000)
  to   space 6144K, 0% used [0x0000000793e00000,0x0000000793e00000,0x0000000794400000)
 ParOldGen       total 101376K, used 8K [0x000000072ca00000, 0x0000000732d00000, 0x000000078ee00000)
  object space 101376K, 0% used [0x000000072ca00000,0x000000072ca02000,0x0000000732d00000)
 Metaspace       used 3602K, capacity 5144K, committed 5376K, reserved 1056768K
  class space    used 372K, capacity 456K, committed 512K, reserved 1048576K
}
Event: 0,978 GC heap before
{Heap before GC invocations=2 (full 0):
 PSYoungGen      total 44032K, used 42515K [0x000000078ee00000, 0x0000000794400000, 0x00000007c0000000)
  eden space 37888K, 100% used [0x000000078ee00000,0x0000000791300000,0x0000000791300000)
  from space 6144K, 75% used [0x0000000791300000,0x0000000791784d20,0x0000000791900000)
  to   space 6144K, 0% used [0x0000000793e00000,0x0000000793e00000,0x0000000794400000)
 ParOldGen       total 101376K, used 8K [0x000000072ca00000, 0x0000000732d00000, 0x000000078ee00000)
  object space 101376K, 0% used [0x000000072ca00000,0x000000072ca02000,0x0000000732d00000)
 Metaspace       used 3640K, capacity 5144K, committed 5376K, reserved 1056768K
  class space    used 376K, capacity 456K, committed 512K, reserved 1048576K
Event: 0,992 GC heap after
Heap after GC invocations=2 (full 0):
 PSYoungGen      total 81920K, used 6123K [0x000000078ee00000, 0x0000000794400000, 0x00000007c0000000)
  eden space 75776K, 0% used [0x000000078ee00000,0x000000078ee00000,0x0000000793800000)
  from space 6144K, 99% used [0x0000000793e00000,0x00000007943fac50,0x0000000794400000)
  to   space 6144K, 0% used [0x0000000793800000,0x0000000793800000,0x0000000793e00000)
 ParOldGen       total 101376K, used 1305K [0x000000072ca00000, 0x0000000732d00000, 0x000000078ee00000)
  object space 101376K, 1% used [0x000000072ca00000,0x000000072cb46798,0x0000000732d00000)
 Metaspace       used 3640K, capacity 5144K, committed 5376K, reserved 1056768K
  class space    used 376K, capacity 456K, committed 512K, reserved 1048576K
}
Event: 1,404 GC heap before
{Heap before GC invocations=3 (full 0):
 PSYoungGen      total 81920K, used 81899K [0x000000078ee00000, 0x0000000794400000, 0x00000007c0000000)
  eden space 75776K, 100% used [0x000000078ee00000,0x0000000793800000,0x0000000793800000)
  from space 6144K, 99% used [0x0000000793e00000,0x00000007943fac50,0x0000000794400000)
  to   space 6144K, 0% used [0x0000000793800000,0x0000000793800000,0x0000000793e00000)
 ParOldGen       total 101376K, used 1305K [0x000000072ca00000, 0x0000000732d00000, 0x000000078ee00000)
  object space 101376K, 1% used [0x000000072ca00000,0x000000072cb46798,0x0000000732d00000)
 Metaspace       used 3645K, capacity 5144K, committed 5376K, reserved 1056768K
  class space    used 376K, capacity 456K, committed 512K, reserved 1048576K
Event: 1,434 GC heap after
Heap after GC invocations=3 (full 0):
 PSYoungGen      total 81920K, used 6116K [0x000000078ee00000, 0x0000000798e00000, 0x00000007c0000000)
  eden space 75776K, 0% used [0x000000078ee00000,0x000000078ee00000,0x0000000793800000)
  from space 6144K, 99% used [0x0000000793800000,0x0000000793df9050,0x0000000793e00000)
  to   space 6144K, 0% used [0x0000000798800000,0x0000000798800000,0x0000000798e00000)
 ParOldGen       total 101376K, used 11642K [0x000000072ca00000, 0x0000000732d00000, 0x000000078ee00000)
  object space 101376K, 11% used [0x000000072ca00000,0x000000072d55ead8,0x0000000732d00000)
 Metaspace       used 3645K, capacity 5144K, committed 5376K, reserved 1056768K
  class space    used 376K, capacity 456K, committed 512K, reserved 1048576K
}
Event: 1,722 GC heap before
{Heap before GC invocations=4 (full 0):
 PSYoungGen      total 81920K, used 81892K [0x000000078ee00000, 0x0000000798e00000, 0x00000007c0000000)
  eden space 75776K, 100% used [0x000000078ee00000,0x0000000793800000,0x0000000793800000)
  from space 6144K, 99% used [0x0000000793800000,0x0000000793df9050,0x0000000793e00000)
  to   space 6144K, 0% used [0x0000000798800000,0x0000000798800000,0x0000000798e00000)
 ParOldGen       total 101376K, used 11642K [0x000000072ca00000, 0x0000000732d00000, 0x000000078ee00000)
  object space 101376K, 11% used [0x000000072ca00000,0x000000072d55ead8,0x0000000732d00000)
 Metaspace       used 3645K, capacity 5144K, committed 5376K, reserved 1056768K
  class space    used 376K, capacity 456K, committed 512K, reserved 1048576K
Event: 1,745 GC heap after
Heap after GC invocations=4 (full 0):
 PSYoungGen      total 157696K, used 6112K [0x000000078ee00000, 0x0000000798e00000, 0x00000007c0000000)
  eden space 151552K, 0% used [0x000000078ee00000,0x000000078ee00000,0x0000000798200000)
  from space 6144K, 99% used [0x0000000798800000,0x0000000798df8030,0x0000000798e00000)
  to   space 6144K, 0% used [0x0000000798200000,0x0000000798200000,0x0000000798800000)
 ParOldGen       total 101376K, used 24821K [0x000000072ca00000, 0x0000000732d00000, 0x000000078ee00000)
  object space 101376K, 24% used [0x000000072ca00000,0x000000072e23d600,0x0000000732d00000)
 Metaspace       used 3645K, capacity 5144K, committed 5376K, reserved 1056768K
  class space    used 376K, capacity 456K, committed 512K, reserved 1048576K
}
Event: 2,326 GC heap before
{Heap before GC invocations=5 (full 0):
 PSYoungGen      total 157696K, used 157664K [0x000000078ee00000, 0x0000000798e00000, 0x00000007c0000000)
  eden space 151552K, 100% used [0x000000078ee00000,0x0000000798200000,0x0000000798200000)
  from space 6144K, 99% used [0x0000000798800000,0x0000000798df8030,0x0000000798e00000)
  to   space 6144K, 0% used [0x0000000798200000,0x0000000798200000,0x0000000798800000)
 ParOldGen       total 101376K, used 24821K [0x000000072ca00000, 0x0000000732d00000, 0x000000078ee00000)
  object space 101376K, 24% used [0x000000072ca00000,0x000000072e23d600,0x0000000732d00000)
 Metaspace       used 3649K, capacity 5144K, committed 5376K, reserved 1056768K
  class space    used 376K, capacity 456K, committed 512K, reserved 1048576K

Deoptimization events (2 events):
Event: 0,464 Thread 0x00007fd6c000a000 Uncommon trap: reason=unstable_if action=reinterpret pc=0x00007fd6b0d52d48 method=java.lang.String.<init>([CII)V @ 18
Event: 0,591 Thread 0x00007fd6c000a000 Uncommon trap: reason=unloaded action=reinterpret pc=0x00007fd6b0de3708 method=com.android.dx.cf.cst.ConstantPoolParser.parse0(ILjava/util/BitSet;)Lcom/android/dx/rop/cst/Constant; @ 220

Internal exceptions (2 events):
Event: 0,214 Thread 0x00007fd6c000a000 Exception <a 'java/lang/NoSuchMethodError': Method sun.misc.Unsafe.defineClass(Ljava/lang/String;[BII)Ljava/lang/Class; name or signature does not match> (0x000000078ee07cc0) thrown at [/ssd/Android/AOSP-openjdk/external/jetbrains/jdk/hotspot/src/share/vm
Event: 0,214 Thread 0x00007fd6c000a000 Exception <a 'java/lang/NoSuchMethodError': Method sun.misc.Unsafe.prefetchRead(Ljava/lang/Object;J)V name or signature does not match> (0x000000078ee07fa8) thrown at [/ssd/Android/AOSP-openjdk/external/jetbrains/jdk/hotspot/src/share/vm/prims/jni.cpp, li

Events (10 events):
Event: 1,268 Thread 0x00007fd6c000a000 DEOPT UNPACKING pc=0x00007fd6b0c19373 sp=0x00007fd6c6b26010 mode 0
Event: 1,404 Executing VM operation: ParallelGCFailedAllocation
Event: 1,434 Executing VM operation: ParallelGCFailedAllocation done
Event: 1,722 Executing VM operation: ParallelGCFailedAllocation
Event: 1,745 Executing VM operation: ParallelGCFailedAllocation done
Event: 2,023 loading class java/util/ArrayList$1
Event: 2,024 loading class java/util/ArrayList$1 done
Event: 2,056 Thread 0x00007fd6c000a000 DEOPT PACKING pc=0x00007fd6b0efa63c sp=0x00007fd6c6b261a0
Event: 2,056 Thread 0x00007fd6c000a000 DEOPT UNPACKING pc=0x00007fd6b0c19373 sp=0x00007fd6c6b25eb0 mode 0
Event: 2,326 Executing VM operation: ParallelGCFailedAllocation


Dynamic libraries:
00400000-00401000 r-xp 00000000 08:04 923690                             /usr/local/android-studio/jre/bin/java
00600000-00601000 r--p 00000000 08:04 923690                             /usr/local/android-studio/jre/bin/java
00601000-00602000 rw-p 00001000 08:04 923690                             /usr/local/android-studio/jre/bin/java
01735000-01756000 rw-p 00000000 00:00 0                                  [heap]
72ca00000-732d00000 rw-p 00000000 00:00 0 
732d00000-78ee00000 ---p 00000000 00:00 0 
78ee00000-798e00000 rw-p 00000000 00:00 0 
7a5e00000-7c0000000 ---p 00000000 00:00 0 
7c0000000-7c0080000 rw-p 00000000 00:00 0 
7c0080000-800000000 ---p 00000000 00:00 0 
7fd670000000-7fd670021000 rw-p 00000000 00:00 0 
7fd670021000-7fd674000000 ---p 00000000 00:00 0 
7fd674000000-7fd674021000 rw-p 00000000 00:00 0 
7fd674021000-7fd678000000 ---p 00000000 00:00 0 
7fd678000000-7fd6795c7000 rw-p 00000000 00:00 0 
7fd6795c7000-7fd67c000000 ---p 00000000 00:00 0 
7fd67c000000-7fd67c62e000 rw-p 00000000 00:00 0 
7fd67c62e000-7fd680000000 ---p 00000000 00:00 0 
7fd680000000-7fd680021000 rw-p 00000000 00:00 0 
7fd680021000-7fd684000000 ---p 00000000 00:00 0 
7fd684000000-7fd685587000 rw-p 00000000 00:00 0 
7fd685587000-7fd688000000 ---p 00000000 00:00 0 
7fd688000000-7fd688021000 rw-p 00000000 00:00 0 
7fd688021000-7fd68c000000 ---p 00000000 00:00 0 
7fd68c000000-7fd68c021000 rw-p 00000000 00:00 0 
7fd68c021000-7fd690000000 ---p 00000000 00:00 0 
7fd690000000-7fd69027d000 rw-p 00000000 00:00 0 
7fd69027d000-7fd694000000 ---p 00000000 00:00 0 
7fd697548000-7fd697650000 r--s 00aaf000 08:04 2350085                    /home/dony/Documents/Aplikasi/Laundry/app/build/intermediates/transforms/jarMerging/debug/jars/1/1f/combined.jar
7fd697650000-7fd69c000000 rw-p 00000000 00:00 0 
7fd69c000000-7fd69c021000 rw-p 00000000 00:00 0 
7fd69c021000-7fd6a0000000 ---p 00000000 00:00 0 
7fd6a0000000-7fd6a0021000 rw-p 00000000 00:00 0 
7fd6a0021000-7fd6a4000000 ---p 00000000 00:00 0 
7fd6a4000000-7fd6a4021000 rw-p 00000000 00:00 0 
7fd6a4021000-7fd6a8000000 ---p 00000000 00:00 0 
7fd6a8000000-7fd6a8021000 rw-p 00000000 00:00 0 
7fd6a8021000-7fd6ac000000 ---p 00000000 00:00 0 
7fd6ac0b5000-7fd6ac0e0000 rw-p 00000000 00:00 0 
7fd6ac0e0000-7fd6ac0e1000 ---p 00000000 00:00 0 
7fd6ac0e1000-7fd6ac1e1000 rw-p 00000000 00:00 0 
7fd6ac1e1000-7fd6ac1e4000 ---p 00000000 00:00 0 
7fd6ac1e4000-7fd6ac2e2000 rw-p 00000000 00:00 0 
7fd6ac2e2000-7fd6ac2e5000 ---p 00000000 00:00 0 
7fd6ac2e5000-7fd6ac3e3000 rw-p 00000000 00:00 0 
7fd6ac3e3000-7fd6ac3e6000 ---p 00000000 00:00 0 
7fd6ac3e6000-7fd6ac4e4000 rw-p 00000000 00:00 0 
7fd6ac4e4000-7fd6ac4e7000 ---p 00000000 00:00 0 
7fd6ac4e7000-7fd6ac5e5000 rw-p 00000000 00:00 0 
7fd6ac5e5000-7fd6ac5e8000 ---p 00000000 00:00 0 
7fd6ac5e8000-7fd6ac6e6000 rw-p 00000000 00:00 0 
7fd6ac6e6000-7fd6adb36000 r--p 00000000 08:04 1176232                    /usr/lib/locale/locale-archive
7fd6adb36000-7fd6adb39000 ---p 00000000 00:00 0 
7fd6adb39000-7fd6adc37000 rw-p 00000000 00:00 0 
7fd6adc37000-7fd6adc3a000 ---p 00000000 00:00 0 
7fd6adc3a000-7fd6add38000 rw-p 00000000 00:00 0 
7fd6add38000-7fd6add39000 ---p 00000000 00:00 0 
7fd6add39000-7fd6aedf8000 rw-p 00000000 00:00 0 
7fd6aedf8000-7fd6aefc5000 r--s 03bec000 08:04 923747                     /usr/local/android-studio/jre/jre/lib/rt.jar
7fd6aefc5000-7fd6af485000 rw-p 00000000 00:00 0 
7fd6af485000-7fd6af7c5000 ---p 00000000 00:00 0 
7fd6af7c5000-7fd6afc60000 rw-p 00000000 00:00 0 
7fd6afc60000-7fd6afc61000 ---p 00000000 00:00 0 
7fd6afc61000-7fd6afd61000 rw-p 00000000 00:00 0 
7fd6afd61000-7fd6afd62000 ---p 00000000 00:00 0 
7fd6afd62000-7fd6afe62000 rw-p 00000000 00:00 0 
7fd6afe62000-7fd6afe63000 ---p 00000000 00:00 0 
7fd6afe63000-7fd6aff63000 rw-p 00000000 00:00 0 
7fd6aff63000-7fd6aff64000 ---p 00000000 00:00 0 
7fd6aff64000-7fd6b0096000 rw-p 00000000 00:00 0 
7fd6b0096000-7fd6b0376000 ---p 00000000 00:00 0 
7fd6b0376000-7fd6b03a8000 rw-p 00000000 00:00 0 
7fd6b03a8000-7fd6b0688000 ---p 00000000 00:00 0 
7fd6b0688000-7fd6b06d8000 rw-p 00000000 00:00 0 
7fd6b06d8000-7fd6b0811000 ---p 00000000 00:00 0 
7fd6b0811000-7fd6b0821000 rw-p 00000000 00:00 0 
7fd6b0821000-7fd6b0bd2000 ---p 00000000 00:00 0 
7fd6b0bd2000-7fd6b0f92000 rwxp 00000000 00:00 0 
7fd6b0f92000-7fd6bfbd2000 ---p 00000000 00:00 0 
7fd6bfbd2000-7fd6bfbec000 r-xp 00000000 08:04 923774                     /usr/local/android-studio/jre/jre/lib/amd64/libzip.so
7fd6bfbec000-7fd6bfdec000 ---p 0001a000 08:04 923774                     /usr/local/android-studio/jre/jre/lib/amd64/libzip.so
7fd6bfdec000-7fd6bfded000 r--p 0001a000 08:04 923774                     /usr/local/android-studio/jre/jre/lib/amd64/libzip.so
7fd6bfded000-7fd6bfdee000 rw-p 0001b000 08:04 923774                     /usr/local/android-studio/jre/jre/lib/amd64/libzip.so
7fd6bfdee000-7fd6bfdf9000 r-xp 00000000 08:04 1310612                    /lib/x86_64-linux-gnu/libnss_files-2.23.so
7fd6bfdf9000-7fd6bfff8000 ---p 0000b000 08:04 1310612                    /lib/x86_64-linux-gnu/libnss_files-2.23.so
7fd6bfff8000-7fd6bfff9000 r--p 0000a000 08:04 1310612                    /lib/x86_64-linux-gnu/libnss_files-2.23.so
7fd6bfff9000-7fd6bfffa000 rw-p 0000b000 08:04 1310612                    /lib/x86_64-linux-gnu/libnss_files-2.23.so
7fd6bfffa000-7fd6c0000000 rw-p 00000000 00:00 0 
7fd6c0000000-7fd6c03b6000 rw-p 00000000 00:00 0 
7fd6c03b6000-7fd6c4000000 ---p 00000000 00:00 0 
7fd6c401e000-7fd6c40b5000 rw-p 00000000 00:00 0 
7fd6c40b5000-7fd6c40c0000 r-xp 00000000 08:04 1305689                    /lib/x86_64-linux-gnu/libnss_nis-2.23.so
7fd6c40c0000-7fd6c42bf000 ---p 0000b000 08:04 1305689                    /lib/x86_64-linux-gnu/libnss_nis-2.23.so
7fd6c42bf000-7fd6c42c0000 r--p 0000a000 08:04 1305689                    /lib/x86_64-linux-gnu/libnss_nis-2.23.so
7fd6c42c0000-7fd6c42c1000 rw-p 0000b000 08:04 1305689                    /lib/x86_64-linux-gnu/libnss_nis-2.23.so
7fd6c42c1000-7fd6c42d7000 r-xp 00000000 08:04 1310468                    /lib/x86_64-linux-gnu/libnsl-2.23.so
7fd6c42d7000-7fd6c44d6000 ---p 00016000 08:04 1310468                    /lib/x86_64-linux-gnu/libnsl-2.23.so
7fd6c44d6000-7fd6c44d7000 r--p 00015000 08:04 1310468                    /lib/x86_64-linux-gnu/libnsl-2.23.so
7fd6c44d7000-7fd6c44d8000 rw-p 00016000 08:04 1310468                    /lib/x86_64-linux-gnu/libnsl-2.23.so
7fd6c44d8000-7fd6c44da000 rw-p 00000000 00:00 0 
7fd6c44da000-7fd6c44e2000 r-xp 00000000 08:04 1310573                    /lib/x86_64-linux-gnu/libnss_compat-2.23.so
7fd6c44e2000-7fd6c46e1000 ---p 00008000 08:04 1310573                    /lib/x86_64-linux-gnu/libnss_compat-2.23.so
7fd6c46e1000-7fd6c46e2000 r--p 00007000 08:04 1310573                    /lib/x86_64-linux-gnu/libnss_compat-2.23.so
7fd6c46e2000-7fd6c46e3000 rw-p 00008000 08:04 1310573                    /lib/x86_64-linux-gnu/libnss_compat-2.23.so
7fd6c46e3000-7fd6c4710000 r-xp 00000000 08:04 923784                     /usr/local/android-studio/jre/jre/lib/amd64/libjava.so
7fd6c4710000-7fd6c490f000 ---p 0002d000 08:04 923784                     /usr/local/android-studio/jre/jre/lib/amd64/libjava.so
7fd6c490f000-7fd6c4910000 r--p 0002c000 08:04 923784                     /usr/local/android-studio/jre/jre/lib/amd64/libjava.so
7fd6c4910000-7fd6c4912000 rw-p 0002d000 08:04 923784                     /usr/local/android-studio/jre/jre/lib/amd64/libjava.so
7fd6c4912000-7fd6c4922000 r-xp 00000000 08:04 923800                     /usr/local/android-studio/jre/jre/lib/amd64/libverify.so
7fd6c4922000-7fd6c4b21000 ---p 00010000 08:04 923800                     /usr/local/android-studio/jre/jre/lib/amd64/libverify.so
7fd6c4b21000-7fd6c4b23000 r--p 0000f000 08:04 923800                     /usr/local/android-studio/jre/jre/lib/amd64/libverify.so
7fd6c4b23000-7fd6c4b24000 rw-p 00011000 08:04 923800                     /usr/local/android-studio/jre/jre/lib/amd64/libverify.so
7fd6c4b24000-7fd6c4b2b000 r-xp 00000000 08:04 1305688                    /lib/x86_64-linux-gnu/librt-2.23.so
7fd6c4b2b000-7fd6c4d2a000 ---p 00007000 08:04 1305688                    /lib/x86_64-linux-gnu/librt-2.23.so
7fd6c4d2a000-7fd6c4d2b000 r--p 00006000 08:04 1305688                    /lib/x86_64-linux-gnu/librt-2.23.so
7fd6c4d2b000-7fd6c4d2c000 rw-p 00007000 08:04 1305688                    /lib/x86_64-linux-gnu/librt-2.23.so
7fd6c4d2c000-7fd6c4e34000 r-xp 00000000 08:04 1305698                    /lib/x86_64-linux-gnu/libm-2.23.so
7fd6c4e34000-7fd6c5033000 ---p 00108000 08:04 1305698                    /lib/x86_64-linux-gnu/libm-2.23.so
7fd6c5033000-7fd6c5034000 r--p 00107000 08:04 1305698                    /lib/x86_64-linux-gnu/libm-2.23.so
7fd6c5034000-7fd6c5035000 rw-p 00108000 08:04 1305698                    /lib/x86_64-linux-gnu/libm-2.23.so
7fd6c5035000-7fd6c5c1b000 r-xp 00000000 08:04 923804                     /usr/local/android-studio/jre/jre/lib/amd64/server/libjvm.so
7fd6c5c1b000-7fd6c5e1b000 ---p 00be6000 08:04 923804                     /usr/local/android-studio/jre/jre/lib/amd64/server/libjvm.so
7fd6c5e1b000-7fd6c5eba000 r--p 00be6000 08:04 923804                     /usr/local/android-studio/jre/jre/lib/amd64/server/libjvm.so
7fd6c5eba000-7fd6c5ee3000 rw-p 00c85000 08:04 923804                     /usr/local/android-studio/jre/jre/lib/amd64/server/libjvm.so
7fd6c5ee3000-7fd6c5f25000 rw-p 00000000 00:00 0 
7fd6c5f25000-7fd6c5f3d000 r-xp 00000000 08:04 1305699                    /lib/x86_64-linux-gnu/libpthread-2.23.so
7fd6c5f3d000-7fd6c613c000 ---p 00018000 08:04 1305699                    /lib/x86_64-linux-gnu/libpthread-2.23.so
7fd6c613c000-7fd6c613d000 r--p 00017000 08:04 1305699                    /lib/x86_64-linux-gnu/libpthread-2.23.so
7fd6c613d000-7fd6c613e000 rw-p 00018000 08:04 1305699                    /lib/x86_64-linux-gnu/libpthread-2.23.so
7fd6c613e000-7fd6c6142000 rw-p 00000000 00:00 0 
7fd6c6142000-7fd6c6145000 r-xp 00000000 08:04 1305692                    /lib/x86_64-linux-gnu/libdl-2.23.so
7fd6c6145000-7fd6c6344000 ---p 00003000 08:04 1305692                    /lib/x86_64-linux-gnu/libdl-2.23.so
7fd6c6344000-7fd6c6345000 r--p 00002000 08:04 1305692                    /lib/x86_64-linux-gnu/libdl-2.23.so
7fd6c6345000-7fd6c6346000 rw-p 00003000 08:04 1305692                    /lib/x86_64-linux-gnu/libdl-2.23.so
7fd6c6346000-7fd6c6505000 r-xp 00000000 08:04 1305693                    /lib/x86_64-linux-gnu/libc-2.23.so
7fd6c6505000-7fd6c6705000 ---p 001bf000 08:04 1305693                    /lib/x86_64-linux-gnu/libc-2.23.so
7fd6c6705000-7fd6c6709000 r--p 001bf000 08:04 1305693                    /lib/x86_64-linux-gnu/libc-2.23.so
7fd6c6709000-7fd6c670b000 rw-p 001c3000 08:04 1305693                    /lib/x86_64-linux-gnu/libc-2.23.so
7fd6c670b000-7fd6c670f000 rw-p 00000000 00:00 0 
7fd6c670f000-7fd6c6725000 r-xp 00000000 08:04 923664                     /usr/local/android-studio/jre/lib/amd64/jli/libjli.so
7fd6c6725000-7fd6c6924000 ---p 00016000 08:04 923664                     /usr/local/android-studio/jre/lib/amd64/jli/libjli.so
7fd6c6924000-7fd6c6925000 r--p 00015000 08:04 923664                     /usr/local/android-studio/jre/lib/amd64/jli/libjli.so
7fd6c6925000-7fd6c6926000 rw-p 00016000 08:04 923664                     /usr/local/android-studio/jre/lib/amd64/jli/libjli.so
7fd6c6926000-7fd6c694c000 r-xp 00000000 08:04 1305618                    /lib/x86_64-linux-gnu/ld-2.23.so
7fd6c694d000-7fd6c6954000 r--s 00023000 08:04 2374698                    /home/dony/Documents/Aplikasi/Laundry/app/build/intermediates/multi-dex/debug/componentClasses.jar
7fd6c6954000-7fd6c6a27000 rw-p 00000000 00:00 0 
7fd6c6a27000-7fd6c6a2a000 ---p 00000000 00:00 0 
7fd6c6a2a000-7fd6c6b2c000 rw-p 00000000 00:00 0 
7fd6c6b31000-7fd6c6b3f000 r--s 000e0000 08:04 1202866                    /home/dony/Android/Sdk/build-tools/25.0.2/lib/dx.jar
7fd6c6b3f000-7fd6c6b47000 rw-s 00000000 08:04 1063952                    /tmp/hsperfdata_dony/28712
7fd6c6b47000-7fd6c6b48000 rw-p 00000000 00:00 0 
7fd6c6b48000-7fd6c6b49000 ---p 00000000 00:00 0 
7fd6c6b49000-7fd6c6b4b000 rw-p 00000000 00:00 0 
7fd6c6b4b000-7fd6c6b4c000 r--p 00025000 08:04 1305618                    /lib/x86_64-linux-gnu/ld-2.23.so
7fd6c6b4c000-7fd6c6b4d000 rw-p 00026000 08:04 1305618                    /lib/x86_64-linux-gnu/ld-2.23.so
7fd6c6b4d000-7fd6c6b4e000 rw-p 00000000 00:00 0 
7ffcb025c000-7ffcb027d000 rw-p 00000000 00:00 0                          [stack]
7ffcb03ef000-7ffcb03f1000 r--p 00000000 00:00 0                          [vvar]
7ffcb03f1000-7ffcb03f3000 r-xp 00000000 00:00 0                          [vdso]
ffffffffff600000-ffffffffff601000 r-xp 00000000 00:00 0                  [vsyscall]

VM Arguments:
jvm_args: -Djava.awt.headless=true -Dfile.encoding=UTF-8 -Duser.country=US -Duser.language=en -Duser.variant 
java_command: com.android.multidex.ClassReferenceListBuilder /home/dony/Documents/Aplikasi/Laundry/app/build/intermediates/multi-dex/debug/componentClasses.jar /home/dony/Documents/Aplikasi/Laundry/app/build/intermediates/transforms/jarMerging/debug/jars/1/1f/combined.jar
java_class_path (initial): /home/dony/Android/Sdk/build-tools/25.0.2/lib/dx.jar
Launcher Type: SUN_STANDARD

Environment Variables:
JAVA_HOME=/usr/lib/jvm/java-8-oracle
PATH=/home/dony/.sdkman/candidates/kotlin/current/bin:/home/dony/bin:/home/dony/.local/bin:/usr/local/sbin:/usr/local/bin:/usr/sbin:/usr/bin:/sbin:/bin:/usr/games:/usr/local/games:/snap/bin:/usr/lib/jvm/java-8-oracle/bin:/usr/lib/jvm/java-8-oracle/db/bin:/usr/lib/jvm/java-8-oracle/jre/bin
LD_LIBRARY_PATH=/usr/local/android-studio/bin:
SHELL=/bin/bash
DISPLAY=:0

Signal Handlers:
SIGSEGV: [libjvm.so+0x9daac0], sa_mask[0]=11111111011111111101111111111110, sa_flags=SA_RESTART|SA_SIGINFO
SIGBUS: [libjvm.so+0x9daac0], sa_mask[0]=11111111011111111101111111111110, sa_flags=SA_RESTART|SA_SIGINFO
SIGFPE: [libjvm.so+0x840d90], sa_mask[0]=11111111011111111101111111111110, sa_flags=SA_RESTART|SA_SIGINFO
SIGPIPE: [libjvm.so+0x840d90], sa_mask[0]=11111111011111111101111111111110, sa_flags=SA_RESTART|SA_SIGINFO
SIGXFSZ: [libjvm.so+0x840d90], sa_mask[0]=11111111011111111101111111111110, sa_flags=SA_RESTART|SA_SIGINFO
SIGILL: [libjvm.so+0x840d90], sa_mask[0]=11111111011111111101111111111110, sa_flags=SA_RESTART|SA_SIGINFO
SIGUSR1: SIG_DFL, sa_mask[0]=00000000000000000000000000000000, sa_flags=none
SIGUSR2: [libjvm.so+0x840c60], sa_mask[0]=00100000000000000000000000000000, sa_flags=SA_RESTART|SA_SIGINFO
SIGHUP: [libjvm.so+0x840e50], sa_mask[0]=11111111011111111101111111111110, sa_flags=SA_RESTART|SA_SIGINFO
SIGINT: [libjvm.so+0x840e50], sa_mask[0]=11111111011111111101111111111110, sa_flags=SA_RESTART|SA_SIGINFO
SIGTERM: [libjvm.so+0x840e50], sa_mask[0]=11111111011111111101111111111110, sa_flags=SA_RESTART|SA_SIGINFO
SIGQUIT: [libjvm.so+0x840e50], sa_mask[0]=11111111011111111101111111111110, sa_flags=SA_RESTART|SA_SIGINFO


---------------  S Y S T E M  ---------------

OS:DISTRIB_ID="elementary"
DISTRIB_RELEASE=0.4
DISTRIB_CODENAME=loki
DISTRIB_DESCRIPTION="elementary OS 0.4 Loki"

uname:Linux 4.8.15-xanmod17+ #1 SMP Thu Dec 15 23:17:58 UTC 2016 x86_64
libc:glibc 2.23 NPTL 2.23 
rlimit: STACK 8192k, CORE 0k, NPROC 37545, NOFILE 65536, AS infinity
load average:1,58 1,29 1,25

/proc/meminfo:
MemTotal:        9652360 kB
MemFree:          203292 kB
MemAvailable:     137348 kB
Buffers:             944 kB
Cached:          3675576 kB
SwapCached:            0 kB
Active:          5548692 kB
Inactive:        3618624 kB
Active(anon):    5501700 kB
Inactive(anon):  3576696 kB
Active(file):      46992 kB
Inactive(file):    41928 kB
Unevictable:         224 kB
Mlocked:             224 kB
SwapTotal:             0 kB
SwapFree:              0 kB
Dirty:              9820 kB
Writeback:             0 kB
AnonPages:       5490952 kB
Mapped:           203908 kB
Shmem:           3587712 kB
Slab:             113828 kB
SReclaimable:      67316 kB
SUnreclaim:        46512 kB
KernelStack:       10752 kB
PageTables:        49628 kB
NFS_Unstable:          0 kB
Bounce:                0 kB
WritebackTmp:          0 kB
CommitLimit:     4826180 kB
Committed_AS:   13923520 kB
VmallocTotal:   34359738367 kB
VmallocUsed:           0 kB
VmallocChunk:          0 kB
HardwareCorrupted:     0 kB
AnonHugePages:   2494464 kB
ShmemHugePages:        0 kB
ShmemPmdMapped:        0 kB
CmaTotal:              0 kB
CmaFree:               0 kB
HugePages_Total:       0
HugePages_Free:        0
HugePages_Rsvd:        0
HugePages_Surp:        0
Hugepagesize:       2048 kB
DirectMap4k:      179988 kB
DirectMap2M:     9711616 kB
DirectMap1G:           0 kB


CPU:total 4 (2 cores per cpu, 2 threads per core) family 6 model 61 stepping 4, cmov, cx8, fxsr, mmx, sse, sse2, sse3, ssse3, sse4.1, sse4.2, popcnt, avx, avx2, aes, clmul, erms, 3dnowpref, lzcnt, ht, tsc, tscinvbit, bmi1, bmi2, adx

/proc/cpuinfo:
processor	: 0
vendor_id	: GenuineIntel
cpu family	: 6
model		: 61
model name	: Intel(R) Core(TM) i3-5010U CPU @ 2.10GHz
stepping	: 4
microcode	: 0x22
cpu MHz		: 2100.000
cache size	: 3072 KB
physical id	: 0
siblings	: 4
core id		: 0
cpu cores	: 2
apicid		: 0
initial apicid	: 0
fpu		: yes
fpu_exception	: yes
cpuid level	: 20
wp		: yes
flags		: fpu vme de pse tsc msr pae mce cx8 apic sep mtrr pge mca cmov pat pse36 clflush dts acpi mmx fxsr sse sse2 ss ht tm pbe syscall nx pdpe1gb rdtscp lm constant_tsc arch_perfmon pebs bts rep_good nopl xtopology nonstop_tsc aperfmperf eagerfpu pni pclmulqdq dtes64 monitor ds_cpl vmx est tm2 ssse3 sdbg fma cx16 xtpr pdcm pcid sse4_1 sse4_2 x2apic movbe popcnt tsc_deadline_timer aes xsave avx f16c rdrand lahf_lm abm 3dnowprefetch epb intel_pt tpr_shadow vnmi flexpriority ept vpid fsgsbase tsc_adjust bmi1 avx2 smep bmi2 erms invpcid rdseed adx smap xsaveopt dtherm arat pln pts
bugs		:
bogomips	: 4190.20
clflush size	: 64
cache_alignment	: 64
address sizes	: 39 bits physical, 48 bits virtual
power management:

processor	: 1
vendor_id	: GenuineIntel
cpu family	: 6
model		: 61
model name	: Intel(R) Core(TM) i3-5010U CPU @ 2.10GHz
stepping	: 4
microcode	: 0x22
cpu MHz		: 2100.000
cache size	: 3072 KB
physical id	: 0
siblings	: 4
core id		: 1
cpu cores	: 2
apicid		: 2
initial apicid	: 2
fpu		: yes
fpu_exception	: yes
cpuid level	: 20
wp		: yes
flags		: fpu vme de pse tsc msr pae mce cx8 apic sep mtrr pge mca cmov pat pse36 clflush dts acpi mmx fxsr sse sse2 ss ht tm pbe syscall nx pdpe1gb rdtscp lm constant_tsc arch_perfmon pebs bts rep_good nopl xtopology nonstop_tsc aperfmperf eagerfpu pni pclmulqdq dtes64 monitor ds_cpl vmx est tm2 ssse3 sdbg fma cx16 xtpr pdcm pcid sse4_1 sse4_2 x2apic movbe popcnt tsc_deadline_timer aes xsave avx f16c rdrand lahf_lm abm 3dnowprefetch epb intel_pt tpr_shadow vnmi flexpriority ept vpid fsgsbase tsc_adjust bmi1 avx2 smep bmi2 erms invpcid rdseed adx smap xsaveopt dtherm arat pln pts
bugs		:
bogomips	: 4192.10
clflush size	: 64
cache_alignment	: 64
address sizes	: 39 bits physical, 48 bits virtual
power management:

processor	: 2
vendor_id	: GenuineIntel
cpu family	: 6
model		: 61
model name	: Intel(R) Core(TM) i3-5010U CPU @ 2.10GHz
stepping	: 4
microcode	: 0x22
cpu MHz		: 500.000
cache size	: 3072 KB
physical id	: 0
siblings	: 4
core id		: 0
cpu cores	: 2
apicid		: 1
initial apicid	: 1
fpu		: yes
fpu_exception	: yes
cpuid level	: 20
wp		: yes
flags		: fpu vme de pse tsc msr pae mce cx8 apic sep mtrr pge mca cmov pat pse36 clflush dts acpi mmx fxsr sse sse2 ss ht tm pbe syscall nx pdpe1gb rdtscp lm constant_tsc arch_perfmon pebs bts rep_good nopl xtopology nonstop_tsc aperfmperf eagerfpu pni pclmulqdq dtes64 monitor ds_cpl vmx est tm2 ssse3 sdbg fma cx16 xtpr pdcm pcid sse4_1 sse4_2 x2apic movbe popcnt tsc_deadline_timer aes xsave avx f16c rdrand lahf_lm abm 3dnowprefetch epb intel_pt tpr_shadow vnmi flexpriority ept vpid fsgsbase tsc_adjust bmi1 avx2 smep bmi2 erms invpcid rdseed adx smap xsaveopt dtherm arat pln pts
bugs		:
bogomips	: 4193.05
clflush size	: 64
cache_alignment	: 64
address sizes	: 39 bits physical, 48 bits virtual
power management:

processor	: 3
vendor_id	: GenuineIntel
cpu family	: 6
model		: 61
model name	: Intel(R) Core(TM) i3-5010U CPU @ 2.10GHz
stepping	: 4
microcode	: 0x22
cpu MHz		: 500.000
cache size	: 3072 KB
physical id	: 0
siblings	: 4
core id		: 1
cpu cores	: 2
apicid		: 3
initial apicid	: 3
fpu		: yes
fpu_exception	: yes
cpuid level	: 20
wp		: yes
flags		: fpu vme de pse tsc msr pae mce cx8 apic sep mtrr pge mca cmov pat pse36 clflush dts acpi mmx fxsr sse sse2 ss ht tm pbe syscall nx pdpe1gb rdtscp lm constant_tsc arch_perfmon pebs bts rep_good nopl xtopology nonstop_tsc aperfmperf eagerfpu pni pclmulqdq dtes64 monitor ds_cpl vmx est tm2 ssse3 sdbg fma cx16 xtpr pdcm pcid sse4_1 sse4_2 x2apic movbe popcnt tsc_deadline_timer aes xsave avx f16c rdrand lahf_lm abm 3dnowprefetch epb intel_pt tpr_shadow vnmi flexpriority ept vpid fsgsbase tsc_adjust bmi1 avx2 smep bmi2 erms invpcid rdseed adx smap xsaveopt dtherm arat pln pts
bugs		:
bogomips	: 4192.20
clflush size	: 64
cache_alignment	: 64
address sizes	: 39 bits physical, 48 bits virtual
power management:



Memory: 4k page, physical 9652360k(203092k free), swap 0k(0k free)

vm_info: OpenJDK 64-Bit Server VM (25.76-b03) for linux-amd64 JRE (1.8.0_76-release-b03), built on Jun 29 2016 09:39:19 by "builder" with gcc 4.8.4

time: Mon Jan  2 20:08:39 2017
elapsed time: 2 seconds (0d 0h 0m 2s)

